
*** Running vivado
    with args -log processing_system_adc_to_axis_0_0.vds -m64 -product Vivado -mode batch -messageDb vivado.pb -notrace -source processing_system_adc_to_axis_0_0.tcl


ECHO is off.
ECHO is off.

****** Vivado v2023.2 (64-bit)
  **** SW Build 4029153 on Fri Oct 13 20:14:34 MDT 2023
  **** IP Build 4028589 on Sat Oct 14 00:45:43 MDT 2023
  **** SharedData Build 4025554 on Tue Oct 10 17:18:54 MDT 2023
    ** Copyright 1986-2022 Xilinx, Inc. All Rights Reserved.
    ** Copyright 2022-2023 Advanced Micro Devices, Inc. All Rights Reserved.

source processing_system_adc_to_axis_0_0.tcl -notrace
create_project: Time (s): cpu = 00:00:08 ; elapsed = 00:00:13 . Memory (MB): peak = 473.871 ; gain = 178.078
INFO: [IP_Flow 19-234] Refreshing IP repositories
INFO: [IP_Flow 19-1700] Loaded user IP repository 'c:/Users/aidan/vivado-library-master'.
INFO: [IP_Flow 19-2313] Loaded Vivado IP repository 'C:/Xilinx/Vivado/2023.2/data/ip'.
INFO: [IP_Flow 19-6924] IPCACHE: Running cache check for IP inst: processing_system_adc_to_axis_0_0
Command: synth_design -top processing_system_adc_to_axis_0_0 -part xc7z010clg400-1 -incremental_mode off -mode out_of_context
Starting synth_design
Attempting to get a license for feature 'Synthesis' and/or device 'xc7z010'
INFO: [Common 17-349] Got license for feature 'Synthesis' and/or device 'xc7z010'
INFO: [Device 21-403] Loading part xc7z010clg400-1
INFO: [Synth 8-7079] Multithreading enabled for synth_design using a maximum of 2 processes.
INFO: [Synth 8-7078] Launching helper process for spawning children vivado processes
INFO: [Synth 8-7075] Helper process launched with PID 3500
---------------------------------------------------------------------------------
Starting RTL Elaboration : Time (s): cpu = 00:00:10 ; elapsed = 00:00:24 . Memory (MB): peak = 1327.668 ; gain = 437.242
---------------------------------------------------------------------------------
INFO: [Synth 8-638] synthesizing module 'processing_system_adc_to_axis_0_0' [c:/Users/aidan/Portfolio/FPGA Designs/adc_to_ps/adc_to_ps.gen/sources_1/bd/processing_system/ip/processing_system_adc_to_axis_0_0/synth/processing_system_adc_to_axis_0_0.vhd:69]
INFO: [Synth 8-3491] module 'adc_to_axis' declared at 'C:/Users/aidan/Portfolio/FPGA Designs/adc_to_ps/adc_to_ps.srcs/sources_1/new/adc_to_axis.vhd:34' bound to instance 'U0' of component 'adc_to_axis' [c:/Users/aidan/Portfolio/FPGA Designs/adc_to_ps/adc_to_ps.gen/sources_1/bd/processing_system/ip/processing_system_adc_to_axis_0_0/synth/processing_system_adc_to_axis_0_0.vhd:100]
INFO: [Synth 8-638] synthesizing module 'adc_to_axis' [C:/Users/aidan/Portfolio/FPGA Designs/adc_to_ps/adc_to_ps.srcs/sources_1/new/adc_to_axis.vhd:47]
INFO: [Synth 8-256] done synthesizing module 'adc_to_axis' (0#1) [C:/Users/aidan/Portfolio/FPGA Designs/adc_to_ps/adc_to_ps.srcs/sources_1/new/adc_to_axis.vhd:47]
INFO: [Synth 8-256] done synthesizing module 'processing_system_adc_to_axis_0_0' (0#1) [c:/Users/aidan/Portfolio/FPGA Designs/adc_to_ps/adc_to_ps.gen/sources_1/bd/processing_system/ip/processing_system_adc_to_axis_0_0/synth/processing_system_adc_to_axis_0_0.vhd:69]
WARNING: [Synth 8-7129] Port adc_dat_a_in[3] in module adc_to_axis is either unconnected or has no load
WARNING: [Synth 8-7129] Port adc_dat_a_in[2] in module adc_to_axis is either unconnected or has no load
WARNING: [Synth 8-7129] Port adc_dat_a_in[1] in module adc_to_axis is either unconnected or has no load
WARNING: [Synth 8-7129] Port adc_dat_a_in[0] in module adc_to_axis is either unconnected or has no load
WARNING: [Synth 8-7129] Port adc_dat_b_in[3] in module adc_to_axis is either unconnected or has no load
WARNING: [Synth 8-7129] Port adc_dat_b_in[2] in module adc_to_axis is either unconnected or has no load
WARNING: [Synth 8-7129] Port adc_dat_b_in[1] in module adc_to_axis is either unconnected or has no load
WARNING: [Synth 8-7129] Port adc_dat_b_in[0] in module adc_to_axis is either unconnected or has no load
---------------------------------------------------------------------------------
Finished RTL Elaboration : Time (s): cpu = 00:00:13 ; elapsed = 00:00:39 . Memory (MB): peak = 1439.129 ; gain = 548.703
---------------------------------------------------------------------------------
---------------------------------------------------------------------------------
Start Handling Custom Attributes
---------------------------------------------------------------------------------
---------------------------------------------------------------------------------
Finished Handling Custom Attributes : Time (s): cpu = 00:00:13 ; elapsed = 00:00:40 . Memory (MB): peak = 1439.129 ; gain = 548.703
---------------------------------------------------------------------------------
---------------------------------------------------------------------------------
Finished RTL Optimization Phase 1 : Time (s): cpu = 00:00:13 ; elapsed = 00:00:40 . Memory (MB): peak = 1439.129 ; gain = 548.703
---------------------------------------------------------------------------------
Netlist sorting complete. Time (s): cpu = 00:00:00 ; elapsed = 00:00:00.002 . Memory (MB): peak = 1439.129 ; gain = 0.000
INFO: [Project 1-570] Preparing netlist for logic optimization

Processing XDC Constraints
Initializing timing engine
Completed Processing XDC Constraints

Netlist sorting complete. Time (s): cpu = 00:00:00 ; elapsed = 00:00:00 . Memory (MB): peak = 1458.488 ; gain = 0.000
INFO: [Project 1-111] Unisim Transformation Summary:
No Unisim elements were transformed.

Access is denied.
Constraint Validation Runtime : Time (s): cpu = 00:00:00 ; elapsed = 00:00:00.105 . Memory (MB): peak = 1459.016 ; gain = 0.527
INFO: [Designutils 20-5008] Incremental synthesis strategy off
---------------------------------------------------------------------------------
Finished Constraint Validation : Time (s): cpu = 00:00:24 ; elapsed = 00:00:57 . Memory (MB): peak = 1459.016 ; gain = 568.590
---------------------------------------------------------------------------------
---------------------------------------------------------------------------------
Start Loading Part and Timing Information
---------------------------------------------------------------------------------
Loading part: xc7z010clg400-1
---------------------------------------------------------------------------------
Finished Loading Part and Timing Information : Time (s): cpu = 00:00:24 ; elapsed = 00:00:57 . Memory (MB): peak = 1459.016 ; gain = 568.590
---------------------------------------------------------------------------------
---------------------------------------------------------------------------------
Start Applying 'set_property' XDC Constraints
---------------------------------------------------------------------------------
---------------------------------------------------------------------------------
Finished applying 'set_property' XDC Constraints : Time (s): cpu = 00:00:24 ; elapsed = 00:00:57 . Memory (MB): peak = 1459.016 ; gain = 568.590
---------------------------------------------------------------------------------
---------------------------------------------------------------------------------
Finished RTL Optimization Phase 2 : Time (s): cpu = 00:00:24 ; elapsed = 00:00:58 . Memory (MB): peak = 1459.016 ; gain = 568.590
---------------------------------------------------------------------------------
---------------------------------------------------------------------------------
Start RTL Component Statistics 
---------------------------------------------------------------------------------
Detailed RTL Component Info : 
+---Registers : 
	               32 Bit    Registers := 1     
+---Muxes : 
	   2 Input   32 Bit        Muxes := 1     
---------------------------------------------------------------------------------
Finished RTL Component Statistics 
---------------------------------------------------------------------------------
---------------------------------------------------------------------------------
Start Part Resource Summary
---------------------------------------------------------------------------------
Part Resources:
DSPs: 80 (col length:40)
BRAMs: 120 (col length: RAMB18 40 RAMB36 20)
---------------------------------------------------------------------------------
Finished Part Resource Summary
---------------------------------------------------------------------------------
---------------------------------------------------------------------------------
Start Cross Boundary and Area Optimization
---------------------------------------------------------------------------------
WARNING: [Synth 8-7080] Parallel synthesis criteria is not met
INFO: [Synth 8-3917] design processing_system_adc_to_axis_0_0 has port adc_clk_source[1] driven by constant 1
INFO: [Synth 8-3917] design processing_system_adc_to_axis_0_0 has port adc_clk_source[0] driven by constant 0
INFO: [Synth 8-3917] design processing_system_adc_to_axis_0_0 has port adc_cdcs_out driven by constant 1
INFO: [Synth 8-3917] design processing_system_adc_to_axis_0_0 has port m_axis_tvalid driven by constant 1
WARNING: [Synth 8-7129] Port adc_dat_a_in[3] in module processing_system_adc_to_axis_0_0 is either unconnected or has no load
WARNING: [Synth 8-7129] Port adc_dat_a_in[2] in module processing_system_adc_to_axis_0_0 is either unconnected or has no load
WARNING: [Synth 8-7129] Port adc_dat_a_in[1] in module processing_system_adc_to_axis_0_0 is either unconnected or has no load
WARNING: [Synth 8-7129] Port adc_dat_a_in[0] in module processing_system_adc_to_axis_0_0 is either unconnected or has no load
WARNING: [Synth 8-7129] Port adc_dat_b_in[3] in module processing_system_adc_to_axis_0_0 is either unconnected or has no load
WARNING: [Synth 8-7129] Port adc_dat_b_in[2] in module processing_system_adc_to_axis_0_0 is either unconnected or has no load
WARNING: [Synth 8-7129] Port adc_dat_b_in[1] in module processing_system_adc_to_axis_0_0 is either unconnected or has no load
WARNING: [Synth 8-7129] Port adc_dat_b_in[0] in module processing_system_adc_to_axis_0_0 is either unconnected or has no load
---------------------------------------------------------------------------------
Finished Cross Boundary and Area Optimization : Time (s): cpu = 00:00:27 ; elapsed = 00:01:02 . Memory (MB): peak = 1459.016 ; gain = 568.590
---------------------------------------------------------------------------------
---------------------------------------------------------------------------------
Start Applying XDC Timing Constraints
---------------------------------------------------------------------------------
---------------------------------------------------------------------------------
Finished Applying XDC Timing Constraints : Time (s): cpu = 00:00:35 ; elapsed = 00:01:13 . Memory (MB): peak = 1459.016 ; gain = 568.590
---------------------------------------------------------------------------------
---------------------------------------------------------------------------------
Start Timing Optimization
---------------------------------------------------------------------------------
---------------------------------------------------------------------------------
Finished Timing Optimization : Time (s): cpu = 00:00:35 ; elapsed = 00:01:13 . Memory (MB): peak = 1459.016 ; gain = 568.590
---------------------------------------------------------------------------------
---------------------------------------------------------------------------------
Start Technology Mapping
---------------------------------------------------------------------------------
---------------------------------------------------------------------------------
Finished Technology Mapping : Time (s): cpu = 00:00:35 ; elapsed = 00:01:13 . Memory (MB): peak = 1459.016 ; gain = 568.590
---------------------------------------------------------------------------------
---------------------------------------------------------------------------------
Start IO Insertion
---------------------------------------------------------------------------------
---------------------------------------------------------------------------------
Start Flattening Before IO Insertion
---------------------------------------------------------------------------------
---------------------------------------------------------------------------------
Finished Flattening Before IO Insertion
---------------------------------------------------------------------------------
---------------------------------------------------------------------------------
Start Final Netlist Cleanup
---------------------------------------------------------------------------------
---------------------------------------------------------------------------------
Finished Final Netlist Cleanup
---------------------------------------------------------------------------------
---------------------------------------------------------------------------------
Finished IO Insertion : Time (s): cpu = 00:00:43 ; elapsed = 00:01:23 . Memory (MB): peak = 1459.016 ; gain = 568.590
---------------------------------------------------------------------------------
---------------------------------------------------------------------------------
Start Renaming Generated Instances
---------------------------------------------------------------------------------
---------------------------------------------------------------------------------
Finished Renaming Generated Instances : Time (s): cpu = 00:00:43 ; elapsed = 00:01:23 . Memory (MB): peak = 1459.016 ; gain = 568.590
---------------------------------------------------------------------------------
---------------------------------------------------------------------------------
Start Rebuilding User Hierarchy
---------------------------------------------------------------------------------
---------------------------------------------------------------------------------
Finished Rebuilding User Hierarchy : Time (s): cpu = 00:00:43 ; elapsed = 00:01:23 . Memory (MB): peak = 1459.016 ; gain = 568.590
---------------------------------------------------------------------------------
---------------------------------------------------------------------------------
Start Renaming Generated Ports
---------------------------------------------------------------------------------
---------------------------------------------------------------------------------
Finished Renaming Generated Ports : Time (s): cpu = 00:00:43 ; elapsed = 00:01:23 . Memory (MB): peak = 1459.016 ; gain = 568.590
---------------------------------------------------------------------------------
---------------------------------------------------------------------------------
Start Handling Custom Attributes
---------------------------------------------------------------------------------
---------------------------------------------------------------------------------
Finished Handling Custom Attributes : Time (s): cpu = 00:00:43 ; elapsed = 00:01:23 . Memory (MB): peak = 1459.016 ; gain = 568.590
---------------------------------------------------------------------------------
---------------------------------------------------------------------------------
Start Renaming Generated Nets
---------------------------------------------------------------------------------
---------------------------------------------------------------------------------
Finished Renaming Generated Nets : Time (s): cpu = 00:00:43 ; elapsed = 00:01:23 . Memory (MB): peak = 1459.016 ; gain = 568.590
---------------------------------------------------------------------------------
---------------------------------------------------------------------------------
Start Writing Synthesis Report
---------------------------------------------------------------------------------

Report BlackBoxes: 
+-+--------------+----------+
| |BlackBox name |Instances |
+-+--------------+----------+
+-+--------------+----------+

Report Cell Usage: 
+------+-----+------+
|      |Cell |Count |
+------+-----+------+
|1     |LUT1 |     1|
|2     |FDRE |    20|
+------+-----+------+
---------------------------------------------------------------------------------
Finished Writing Synthesis Report : Time (s): cpu = 00:00:43 ; elapsed = 00:01:23 . Memory (MB): peak = 1459.016 ; gain = 568.590
---------------------------------------------------------------------------------
Synthesis finished with 0 errors, 0 critical warnings and 9 warnings.
Synthesis Optimization Runtime : Time (s): cpu = 00:00:27 ; elapsed = 00:01:19 . Memory (MB): peak = 1459.016 ; gain = 548.703
Synthesis Optimization Complete : Time (s): cpu = 00:00:43 ; elapsed = 00:01:24 . Memory (MB): peak = 1459.016 ; gain = 568.590
INFO: [Project 1-571] Translating synthesized netlist
Netlist sorting complete. Time (s): cpu = 00:00:00 ; elapsed = 00:00:00.001 . Memory (MB): peak = 1459.016 ; gain = 0.000
INFO: [Project 1-570] Preparing netlist for logic optimization
INFO: [Opt 31-138] Pushed 0 inverter(s) to 0 load pin(s).
Netlist sorting complete. Time (s): cpu = 00:00:00 ; elapsed = 00:00:00 . Memory (MB): peak = 1459.016 ; gain = 0.000
INFO: [Project 1-111] Unisim Transformation Summary:
No Unisim elements were transformed.

Access is denied.
Synth Design complete | Checksum: 2592a29e
INFO: [Common 17-83] Releasing license: Synthesis
26 Infos, 17 Warnings, 0 Critical Warnings and 0 Errors encountered.
synth_design completed successfully
synth_design: Time (s): cpu = 00:00:51 ; elapsed = 00:01:42 . Memory (MB): peak = 1459.016 ; gain = 959.078
INFO: [Common 17-1381] The checkpoint 'C:/Users/aidan/Portfolio/FPGA Designs/adc_to_ps/adc_to_ps.runs/processing_system_adc_to_axis_0_0_synth_1/processing_system_adc_to_axis_0_0.dcp' has been generated.
INFO: [Coretcl 2-1648] Added synthesis output to IP cache for IP processing_system_adc_to_axis_0_0, cache-ID = 45c062e71409862e
INFO: [Common 17-1381] The checkpoint 'C:/Users/aidan/Portfolio/FPGA Designs/adc_to_ps/adc_to_ps.runs/processing_system_adc_to_axis_0_0_synth_1/processing_system_adc_to_axis_0_0.dcp' has been generated.
INFO: [runtcl-4] Executing : report_utilization -file processing_system_adc_to_axis_0_0_utilization_synth.rpt -pb processing_system_adc_to_axis_0_0_utilization_synth.pb
INFO: [Common 17-206] Exiting Vivado at Wed Jan 31 16:06:24 2024...
