Copyright 1986-2020 Xilinx, Inc. All Rights Reserved.
-----------------------------------------------------------------------------------------------------------------------------------------------------------------------------------------
| Tool Version : Vivado v.2020.2 (win64) Build 3064766 Wed Nov 18 09:12:45 MST 2020
| Date         : Mon Dec 11 17:53:19 2023
| Host         : Lenovo running 64-bit major release  (build 9200)
| Command      : report_methodology -file sequence_detector_methodology_drc_routed.rpt -pb sequence_detector_methodology_drc_routed.pb -rpx sequence_detector_methodology_drc_routed.rpx
| Design       : sequence_detector
| Device       : xc7a100tcsg324-1
| Speed File   : -1
| Design State : Fully Routed
-----------------------------------------------------------------------------------------------------------------------------------------------------------------------------------------

Report Methodology

Table of Contents
-----------------
1. REPORT SUMMARY
2. REPORT DETAILS

1. REPORT SUMMARY
-----------------
            Netlist: netlist
          Floorplan: design_1
      Design limits: <entire design considered>
             Max violations: <unlimited>
             Violations found: 6
+-----------+----------+-------------------+------------+
| Rule      | Severity | Description       | Violations |
+-----------+----------+-------------------+------------+
| TIMING-20 | Warning  | Non-clocked latch | 6          |
+-----------+----------+-------------------+------------+

2. REPORT DETAILS
-----------------
TIMING-20#1 Warning
Non-clocked latch  
The latch FlagOutputHandler/flag_value_reg cannot be properly analyzed as its control pin FlagOutputHandler/flag_value_reg/G is not reached by a timing clock
Related violations: <none>

TIMING-20#2 Warning
Non-clocked latch  
The latch FlagOutputHandler/state_reg cannot be properly analyzed as its control pin FlagOutputHandler/state_reg/G is not reached by a timing clock
Related violations: <none>

TIMING-20#3 Warning
Non-clocked latch  
The latch sequence_detected_reg cannot be properly analyzed as its control pin sequence_detected_reg/G is not reached by a timing clock
Related violations: <none>

TIMING-20#4 Warning
Non-clocked latch  
The latch state_reg[0] cannot be properly analyzed as its control pin state_reg[0]/G is not reached by a timing clock
Related violations: <none>

TIMING-20#5 Warning
Non-clocked latch  
The latch state_reg[1] cannot be properly analyzed as its control pin state_reg[1]/G is not reached by a timing clock
Related violations: <none>

TIMING-20#6 Warning
Non-clocked latch  
The latch state_reg[2] cannot be properly analyzed as its control pin state_reg[2]/G is not reached by a timing clock
Related violations: <none>


