Vivado Simulator 2020.2
Copyright 1986-1999, 2001-2020 Xilinx, Inc. All Rights Reserved.
Running: C:/Xilinx/Vivado/2020.2/bin/unwrapped/win64.o/xelab.exe -wto bf6125b181b44def9b4628d8906a1534 --debug typical --relax --mt 2 -L xil_defaultlib -L secureip --snapshot test_ripple_carry_adder_behav xil_defaultlib.test_ripple_carry_adder -log elaborate.log 
Using 2 slave threads.
Starting static elaboration
Completed static elaboration
Starting simulation data flow analysis
Completed simulation data flow analysis
Time Resolution for simulation is 1ps
Compiling package std.standard
Compiling package std.textio
Compiling package ieee.std_logic_1164
Compiling package ieee.std_logic_arith
Compiling package ieee.std_logic_unsigned
Compiling architecture behavioral of entity xil_defaultlib.full_adder [full_adder_default]
Compiling architecture behavioral of entity xil_defaultlib.not_elementwise_or_vector [\not_elementwise_or_vector(input...]
Compiling architecture behavioral of entity xil_defaultlib.saturation [\saturation(sum_count=16)\]
Compiling architecture behavioral of entity xil_defaultlib.ripple_carry_adder [\ripple_carry_adder(fa_count=16)...]
Compiling architecture behavioral of entity xil_defaultlib.test_ripple_carry_adder
Built simulation snapshot test_ripple_carry_adder_behav
