Vivado Simulator 2020.2
Copyright 1986-1999, 2001-2020 Xilinx, Inc. All Rights Reserved.
Running: C:/Xilinx/Vivado/2020.2/bin/unwrapped/win64.o/xelab.exe -wto 5d87c2fa3ea04918b56e807c7557c7ff --incr --debug typical --relax --mt 2 -L xil_defaultlib -L secureip --snapshot test_combinational_lock_func_synth xil_defaultlib.test_combinational_lock -log elaborate.log 
Using 2 slave threads.
Starting static elaboration
Completed static elaboration
Starting simulation data flow analysis
Completed simulation data flow analysis
Time Resolution for simulation is 1ps
Compiling package std.standard
Compiling package std.textio
Compiling package ieee.std_logic_1164
Compiling package ieee.std_logic_arith
Compiling package ieee.std_logic_unsigned
Compiling package ieee.numeric_std
Compiling package unisim.vcomponents
Compiling package ieee.vital_timing
Compiling package ieee.vital_primitives
Compiling package unisim.vpkg
Compiling architecture bufg_v of entity unisim.BUFG [bufg_default]
Compiling architecture ibuf_v of entity unisim.IBUF [\IBUF(1,9)(1,1)(1,4)(1,7)\]
Compiling architecture fdre_v of entity unisim.FDRE [fdre_default]
Compiling architecture structure of entity xil_defaultlib.register_value_comparator [register_value_comparator_defaul...]
Compiling architecture structure of entity xil_defaultlib.register_value_comparator_0 [register_value_comparator_0_defa...]
Compiling architecture lut4_v of entity unisim.LUT4 [\LUT4(init="0000000000000010")(0...]
Compiling architecture lut4_v of entity unisim.LUT4 [\LUT4(init="0111111111111111")(0...]
Compiling architecture lut5_v of entity unisim.LUT5 [\LUT5(init="00000000000000001000...]
Compiling architecture structure of entity xil_defaultlib.register_value_comparator_1 [register_value_comparator_1_defa...]
Compiling architecture structure of entity xil_defaultlib.register_value_comparator_2 [register_value_comparator_2_defa...]
Compiling architecture fdse_v of entity unisim.FDSE [fdse_default]
Compiling architecture structure of entity xil_defaultlib.lock_unlock_mechanism [lock_unlock_mechanism_default]
Compiling architecture ldce_v of entity unisim.LDCE [ldce_default]
Compiling architecture ldpe_v of entity unisim.LDPE [ldpe_default]
Compiling architecture lut4_v of entity unisim.LUT4 [\LUT4(init="1010101010101011")(0...]
Compiling architecture lut5_v of entity unisim.LUT5 [\LUT5(init="10101010101010101011...]
Compiling architecture lut5_v of entity unisim.LUT5 [\LUT5(init="10101010101010101010...]
Compiling architecture lut5_v of entity unisim.LUT5 [\LUT5(init="10111111111111111111...]
Compiling architecture structure of entity xil_defaultlib.hex_to_ssd [hex_to_ssd_default]
Compiling architecture structure of entity xil_defaultlib.hex_to_ssd_3 [hex_to_ssd_3_default]
Compiling architecture structure of entity xil_defaultlib.hex_to_ssd_4 [hex_to_ssd_4_default]
Compiling architecture structure of entity xil_defaultlib.hex_to_ssd_5 [hex_to_ssd_5_default]
Compiling architecture lut1_v of entity unisim.LUT1 [\LUT1(init="0001")(0,3)\]
Compiling architecture lut2_v of entity unisim.LUT2 [\LUT2(init="0110")(0,3)\]
Compiling architecture lut2_v of entity unisim.LUT2 [\LUT2(init="0001")(0,3)\]
Compiling architecture lut2_v of entity unisim.LUT2 [\LUT2(init="0010")(0,3)\]
Compiling architecture lut2_v of entity unisim.LUT2 [\LUT2(init="1000")(0,3)\]
Compiling architecture lut6_v of entity unisim.LUT6 [\LUT6(init="11110000111111111010...]
Compiling architecture structure of entity xil_defaultlib.ssd_mux [ssd_mux_default]
Compiling architecture lut4_v of entity unisim.LUT4 [\LUT4(init="0010000000000000")(0...]
Compiling architecture lut4_v of entity unisim.LUT4 [\LUT4(init="0000000000100000")(0...]
Compiling architecture lut4_v of entity unisim.LUT4 [\LUT4(init="0100000000100101")(0...]
Compiling architecture lut4_v of entity unisim.LUT4 [\LUT4(init="0101000110010000")(0...]
Compiling architecture lut4_v of entity unisim.LUT4 [\LUT4(init="0101011100010000")(0...]
Compiling architecture lut4_v of entity unisim.LUT4 [\LUT4(init="1100001000110100")(0...]
Compiling architecture lut4_v of entity unisim.LUT4 [\LUT4(init="1010001000010000")(0...]
Compiling architecture lut4_v of entity unisim.LUT4 [\LUT4(init="1010110001001000")(0...]
Compiling architecture lut4_v of entity unisim.LUT4 [\LUT4(init="0010000010010100")(0...]
Compiling architecture lut4_v of entity unisim.LUT4 [\LUT4(init="1000000000000000")(0...]
Compiling architecture structure of entity xil_defaultlib.switch_to_register [switch_to_register_default]
Compiling architecture structure of entity xil_defaultlib.switch_to_register_6 [switch_to_register_6_default]
Compiling architecture lut3_v of entity unisim.LUT3 [\LUT3(init="10001110")(0,7)\]
Compiling architecture lut3_v of entity unisim.LUT3 [\LUT3(init="00101011")(0,7)\]
Compiling architecture structure of entity xil_defaultlib.button_mechanisim [button_mechanisim_default]
Compiling architecture obuf_v of entity unisim.OBUF [\OBUF(1,9)(1,7)(1,4)\]
Compiling architecture structure of entity xil_defaultlib.combinational_lock [combinational_lock_default]
Compiling architecture behavioral of entity xil_defaultlib.test_combinational_lock
Built simulation snapshot test_combinational_lock_func_synth
